\BOOKMARK [1][-]{section.1}{\376\377\000=\000S\000u\000m\000\341\000r\000i\000o\000\040\000E\000x\000e\000c\000u\000t\000i\000v\000o}{}% 1
\BOOKMARK [1][-]{section.2}{\376\377\000=\000A\000p\000r\000e\000s\000e\000n\000t\000a\000\347\000\343\000o\000\040\000d\000o\000\040\000N\000e\000g\000\363\000c\000i\000o}{}% 2
\BOOKMARK [2][-]{subsection.2.1}{\376\377\000=\000D\000e\000s\000c\000r\000i\000\347\000\343\000o\000\040\000d\000e\000\040\000O\000p\000o\000r\000t\000u\000n\000i\000d\000a\000d\000e}{section.2}% 3
\BOOKMARK [2][-]{subsection.2.2}{\376\377\000=\000H\000i\000s\000t\000\363\000r\000i\000a\000\040\000d\000a\000\040\000E\000m\000p\000r\000e\000s\000a}{section.2}% 4
\BOOKMARK [2][-]{subsection.2.3}{\376\377\000=\000M\000i\000s\000s\000\343\000o}{section.2}% 5
\BOOKMARK [2][-]{subsection.2.4}{\376\377\000=\000V\000i\000s\000\343\000o}{section.2}% 6
\BOOKMARK [2][-]{subsection.2.5}{\376\377\000=\000V\000a\000l\000o\000r\000e\000s}{section.2}% 7
\BOOKMARK [2][-]{subsection.2.6}{\376\377\000=\000O\000b\000j\000e\000t\000i\000v\000o\000s}{section.2}% 8
\BOOKMARK [2][-]{subsection.2.7}{\376\377\000=\000V\000a\000n\000t\000a\000g\000e\000m\000\040\000C\000o\000m\000p\000e\000t\000i\000t\000i\000v\000a}{section.2}% 9
\BOOKMARK [2][-]{subsection.2.8}{\376\377\000=\000M\000o\000d\000e\000l\000o\000\040\000d\000e\000\040\000N\000e\000g\000\363\000c\000i\000o}{section.2}% 10
\BOOKMARK [1][-]{section.3}{\376\377\000=\000E\000q\000u\000i\000p\000a\000\040\000F\000u\000n\000d\000a\000d\000o\000r\000a\000\040\000e\000\040\000d\000e\000\040\000G\000e\000s\000t\000\343\000o}{}% 11
\BOOKMARK [1][-]{section.4}{\376\377\000=\000A\000\040\000E\000s\000t\000r\000u\000t\000u\000r\000a\000\040\000d\000a\000\040\000E\000m\000p\000r\000e\000s\000a}{}% 12
\BOOKMARK [2][-]{subsection.4.1}{\376\377\000=\000F\000o\000r\000m\000a\000\040\000J\000u\000r\000\355\000d\000i\000c\000a}{section.4}% 13
\BOOKMARK [2][-]{subsection.4.2}{\376\377\000=\000n\000o\000m\000e\000\040\000o\000u\000\040\000D\000e\000n\000o\000m\000i\000n\000a\000\347\000\343\000o\000\040\000S\000o\000c\000i\000a\000l}{section.4}% 14
\BOOKMARK [2][-]{subsection.4.3}{\376\377\000=\000C\000A\000E}{section.4}% 15
\BOOKMARK [2][-]{subsection.4.4}{\376\377\000=\000C\000o\000n\000t\000a\000c\000t\000o\000s}{section.4}% 16
\BOOKMARK [2][-]{subsection.4.5}{\376\377\000=\000P\000\341\000g\000i\000n\000a\000\040\000d\000a\000\040\000I\000n\000t\000e\000r\000n\000e\000t}{section.4}% 17
\BOOKMARK [1][-]{section.5}{\376\377\000=\000A\000n\000\341\000l\000i\000s\000e\000\040\000d\000o\000\040\000M\000e\000i\000o\000,\000\040\000d\000a\000\040\000I\000n\000d\000\372\000s\000t\000r\000i\000a\000\040\000e\000\040\000d\000o\000\040\000S\000e\000t\000o\000r}{}% 18
\BOOKMARK [2][-]{subsection.5.1}{\376\377\000=\000A\000n\000\341\000l\000i\000s\000e\000\040\000d\000a\000\040\000t\000e\000n\000d\000\352\000n\000c\000i\000a\000\040\000d\000o\000\040\000s\000e\000t\000o\000r\000\040}{section.5}% 19
\BOOKMARK [1][-]{section.6}{\376\377\000C\000o\000n\000c\000l\000u\000s\000\343\000o}{}% 20
